0 info it worked if it ends with ok
1 verbose cli [ 'node',
1 verbose cli   '/Users/kpond/.nvm/versions/node/v0.12.7/bin/npm',
1 verbose cli   'start' ]
2 info using npm@3.10.8
3 info using node@v0.12.7
4 verbose stack Error: ENOENT, open '/Users/kpond/Desktop/git/Oh-KPond.github.io/gdi-leadership-summit-16/package.json'
4 verbose stack     at Error (native)
5 verbose cwd /Users/kpond/Desktop/git/Oh-KPond.github.io/gdi-leadership-summit-16
6 error Darwin 15.6.0
7 error argv "node" "/Users/kpond/.nvm/versions/node/v0.12.7/bin/npm" "start"
8 error node v0.12.7
9 error npm  v3.10.8
10 error path /Users/kpond/Desktop/git/Oh-KPond.github.io/gdi-leadership-summit-16/package.json
11 error code ENOENT
12 error errno -2
13 error enoent ENOENT, open '/Users/kpond/Desktop/git/Oh-KPond.github.io/gdi-leadership-summit-16/package.json'
14 error enoent ENOENT, open '/Users/kpond/Desktop/git/Oh-KPond.github.io/gdi-leadership-summit-16/package.json'
14 error enoent This is most likely not a problem with npm itself
14 error enoent and is related to npm not being able to find a file.
15 verbose exit [ -2, true ]
